0 info it worked if it ends with ok
1 verbose cli [ '/usr/local/bin/node', '/usr/local/bin/npm', 'install' ]
2 info using npm@2.15.8
3 info using node@v4.4.7
4 verbose readDependencies loading dependencies from /Users/will/git/onecook1/package.json
5 verbose install where, deps [ '/Users/will/git/onecook1', [ 'http-server', 'bower' ] ]
6 verbose install where, peers [ '/Users/will/git/onecook1', [] ]
7 verbose installManyTop reading for lifecycle /Users/will/git/onecook1/package.json
8 info preinstall angular-recommended@0.0.0
9 verbose installManyTop reading scoped package data from /Users/will/git/onecook1/node_modules/angular/package.json
10 verbose installManyTop reading scoped package data from /Users/will/git/onecook1/node_modules/bower/package.json
11 verbose installManyTop reading scoped package data from /Users/will/git/onecook1/node_modules/http-server/package.json
12 info package.json http-server@0.6.1 No license field.
13 verbose readDependencies loading dependencies from /Users/will/git/onecook1/package.json
14 verbose targetResolver reading package data from /Users/will/git/onecook1/node_modules/angular/package.json
15 verbose targetResolver reading package data from /Users/will/git/onecook1/node_modules/bower/package.json
16 verbose targetResolver reading package data from /Users/will/git/onecook1/node_modules/http-server/package.json
17 verbose targetResolver reading package data from /Users/will/git/onecook1/node_modules/.bin/bower/package.json
18 verbose targetResolver reading package data from /Users/will/git/onecook1/node_modules/.bin/http-server/package.json
19 verbose already installed skipping bower@^1.3.1 /Users/will/git/onecook1
20 verbose already installed skipping http-server@^0.6.1 /Users/will/git/onecook1
21 silly install resolved []
22 info build /Users/will/git/onecook1
23 info linkStuff angular-recommended@0.0.0
24 silly linkStuff angular-recommended@0.0.0 has /Users/will/git as its parent node_modules
25 verbose linkBins angular-recommended@0.0.0
26 verbose linkMans angular-recommended@0.0.0
27 verbose rebuildBundles angular-recommended@0.0.0
28 verbose rebuildBundles [ '.bin', 'angular', 'bower', 'http-server' ]
29 verbose rebuild bundle /Users/will/git/onecook1/node_modules/angular
30 info build /Users/will/git/onecook1/node_modules/angular
31 info preinstall angular@1.5.8
32 info linkStuff angular@1.5.8
33 silly linkStuff angular@1.5.8 has /Users/will/git/onecook1/node_modules as its parent node_modules
34 verbose linkBins angular@1.5.8
35 verbose linkMans angular@1.5.8
36 verbose rebuildBundles angular@1.5.8
37 info install angular@1.5.8
38 info postinstall angular@1.5.8
39 info install angular-recommended@0.0.0
40 info postinstall angular-recommended@0.0.0
41 verbose unsafe-perm in lifecycle true
42 info angular-recommended@0.0.0 Failed to exec postinstall script
43 verbose stack Error: angular-recommended@0.0.0 postinstall: `bower install`
43 verbose stack Exit status 1
43 verbose stack     at EventEmitter.<anonymous> (/usr/local/lib/node_modules/npm/lib/utils/lifecycle.js:217:16)
43 verbose stack     at emitTwo (events.js:87:13)
43 verbose stack     at EventEmitter.emit (events.js:172:7)
43 verbose stack     at ChildProcess.<anonymous> (/usr/local/lib/node_modules/npm/lib/utils/spawn.js:24:14)
43 verbose stack     at emitTwo (events.js:87:13)
43 verbose stack     at ChildProcess.emit (events.js:172:7)
43 verbose stack     at maybeClose (internal/child_process.js:827:16)
43 verbose stack     at Process.ChildProcess._handle.onexit (internal/child_process.js:211:5)
44 verbose pkgid angular-recommended@0.0.0
45 verbose cwd /Users/will/git/onecook1
46 error Darwin 15.6.0
47 error argv "/usr/local/bin/node" "/usr/local/bin/npm" "install"
48 error node v4.4.7
49 error npm  v2.15.8
50 error code ELIFECYCLE
51 error angular-recommended@0.0.0 postinstall: `bower install`
51 error Exit status 1
52 error Failed at the angular-recommended@0.0.0 postinstall script 'bower install'.
52 error This is most likely a problem with the angular-recommended package,
52 error not with npm itself.
52 error Tell the author that this fails on your system:
52 error     bower install
52 error You can get information on how to open an issue for this project with:
52 error     npm bugs angular-recommended
52 error Or if that isn't available, you can get their info via:
52 error
52 error     npm owner ls angular-recommended
52 error There is likely additional logging output above.
53 verbose exit [ 1, true ]
